<?xml version="1.0" encoding="UTF-8"?>
<!-- Generated by org.testng.reporters.JUnitReportReporter -->
<testsuite skipped="0" hostname="DESKTOP-M42G5V1" name="execuationpack.SkipTestCase" tests="5" failures="0" timestamp="11 Sep 2022 08:22:39 GMT" time="0.119" errors="0">
  <testcase name="thirdGear" time="0.009" classname="execuationpack.SkipTestCase"/>
  <testcase name="firstGear" time="0.075" classname="execuationpack.SkipTestCase"/>
  <testcase name="onMusic" time="0.014" classname="execuationpack.SkipTestCase"/>
  <testcase name="startthecar" time="0.017" classname="execuationpack.SkipTestCase"/>
  <testcase name="secondGear" time="0.004" classname="execuationpack.SkipTestCase"/>
</testsuite> <!-- execuationpack.SkipTestCase -->
