<?xml version="1.0" encoding="UTF-8"?>
<!-- Generated by org.testng.reporters.JUnitReportReporter -->
<testsuite skipped="0" hostname="DESKTOP-M42G5V1" name="execuationpack.ExtentreportExample" tests="1" failures="0" timestamp="11 Sep 2022 08:44:20 GMT" time="22.863" errors="0">
  <testcase name="ornghrm" time="22.863" classname="execuationpack.ExtentreportExample"/>
</testsuite> <!-- execuationpack.ExtentreportExample -->
