<?xml version="1.0" encoding="UTF-8"?>
<!-- Generated by org.testng.reporters.JUnitReportReporter -->
<testsuite skipped="0" hostname="DESKTOP-M42G5V1" name="execuationpack.TestSample1" tests="2" failures="0" timestamp="10 Sep 2022 06:53:07 GMT" time="13.665" errors="0">
  <testcase name="openGoogle" time="4.571" classname="execuationpack.TestSample1"/>
  <testcase name="flipkart" time="9.094" classname="execuationpack.TestSample1"/>
</testsuite> <!-- execuationpack.TestSample1 -->
