<?xml version="1.0" encoding="UTF-8"?>
<!-- Generated by org.testng.reporters.JUnitReportReporter -->
<testsuite skipped="0" hostname="DESKTOP-M42G5V1" name="execuationpack.Dataproviderexample" tests="4" failures="0" timestamp="11 Sep 2022 08:06:13 GMT" time="17.877" errors="0">
  <testcase name="ornghrm" time="3.563" classname="execuationpack.Dataproviderexample"/>
  <testcase name="ornghrm" time="3.171" classname="execuationpack.Dataproviderexample"/>
  <testcase name="ornghrm" time="9.144" classname="execuationpack.Dataproviderexample"/>
  <testcase name="ornghrm" time="1.999" classname="execuationpack.Dataproviderexample"/>
</testsuite> <!-- execuationpack.Dataproviderexample -->
