<?xml version="1.0" encoding="UTF-8"?>
<!-- Generated by org.testng.reporters.JUnitReportReporter -->
<testsuite skipped="0" hostname="DESKTOP-M42G5V1" name="execuationpack.Setpriority" tests="13" failures="0" timestamp="11 Sep 2022 08:47:39 GMT" time="0.245" errors="0">
  <testcase name="startthecar" time="0.029" classname="execuationpack.Setpriority"/>
  <testcase name="startthecar" time="0.009" classname="execuationpack.Setpriority"/>
  <testcase name="thirdGear" time="0.006" classname="execuationpack.Setpriority"/>
  <testcase name="startthecar" time="0.010" classname="execuationpack.Setpriority"/>
  <testcase name="startthecar" time="0.012" classname="execuationpack.Setpriority"/>
  <testcase name="startthecar" time="0.025" classname="execuationpack.Setpriority"/>
  <testcase name="firstGear" time="0.080" classname="execuationpack.Setpriority"/>
  <testcase name="startthecar" time="0.011" classname="execuationpack.Setpriority"/>
  <testcase name="startthecar" time="0.014" classname="execuationpack.Setpriority"/>
  <testcase name="secondGear" time="0.018" classname="execuationpack.Setpriority"/>
  <testcase name="startthecar" time="0.003" classname="execuationpack.Setpriority"/>
  <testcase name="startthecar" time="0.012" classname="execuationpack.Setpriority"/>
  <testcase name="startthecar" time="0.016" classname="execuationpack.Setpriority"/>
</testsuite> <!-- execuationpack.Setpriority -->
