<?xml version="1.0" encoding="UTF-8"?>
<!-- Generated by org.testng.reporters.JUnitReportReporter -->
<testsuite skipped="0" hostname="DESKTOP-M42G5V1" name="execuationpack.ParallelExample" tests="4" failures="0" timestamp="10 Sep 2022 07:59:45 GMT" time="24.930" errors="0">
  <testcase name="bing" time="2.214" classname="execuationpack.ParallelExample"/>
  <testcase name="flipkart" time="9.641" classname="execuationpack.ParallelExample"/>
  <testcase name="openGoogle" time="4.607" classname="execuationpack.ParallelExample"/>
  <testcase name="amzone" time="8.468" classname="execuationpack.ParallelExample"/>
</testsuite> <!-- execuationpack.ParallelExample -->
