<?xml version="1.0" encoding="UTF-8"?>
<!-- Generated by org.testng.reporters.JUnitReportReporter -->
<testsuite skipped="0" hostname="DESKTOP-M42G5V1" name="execuationpack.OrderofAnnotations" tests="3" failures="0" timestamp="25 Sep 2022 06:31:22 GMT" time="0.055" errors="0">
  <testcase name="f" time="0.035" classname="execuationpack.OrderofAnnotations"/>
  <testcase name="h" time="0.006" classname="execuationpack.OrderofAnnotations"/>
  <testcase name="g" time="0.014" classname="execuationpack.OrderofAnnotations"/>
</testsuite> <!-- execuationpack.OrderofAnnotations -->
