<?xml version="1.0" encoding="UTF-8"?>
<!-- Generated by org.testng.reporters.JUnitReportReporter -->
<testsuite skipped="0" hostname="DESKTOP-M42G5V1" name="execuationpack.DependencisManagement" tests="3" failures="0" timestamp="11 Sep 2022 08:22:39 GMT" time="0.016" errors="0">
  <testcase name="engineering" time="0.005" classname="execuationpack.DependencisManagement"/>
  <testcase name="higherSecondary" time="0.003" classname="execuationpack.DependencisManagement"/>
  <testcase name="highSchool" time="0.008" classname="execuationpack.DependencisManagement"/>
</testsuite> <!-- execuationpack.DependencisManagement -->
