<?xml version="1.0" encoding="UTF-8"?>
<!-- Generated by org.testng.reporters.JUnitReportReporter -->
<testsuite skipped="0" hostname="DESKTOP-M42G5V1" name="execuationpack.ExecuaitonClass" tests="4" failures="0" timestamp="04 Sep 2022 07:13:05 GMT" time="0.098" errors="0">
  <testcase name="startthecar" time="0.056" classname="execuationpack.ExecuaitonClass"/>
  <testcase name="firstGear" time="0.027" classname="execuationpack.ExecuaitonClass"/>
  <testcase name="secondGear" time="0.011" classname="execuationpack.ExecuaitonClass"/>
  <testcase name="thirdGear" time="0.004" classname="execuationpack.ExecuaitonClass"/>
</testsuite> <!-- execuationpack.ExecuaitonClass -->
