<?xml version="1.0" encoding="UTF-8"?>
<!-- Generated by org.testng.reporters.JUnitReportReporter -->
<testsuite skipped="0" hostname="DESKTOP-M42G5V1" name="execuationpack.TestSample2" tests="3" failures="0" timestamp="11 Sep 2022 08:22:39 GMT" time="0.036" errors="0">
  <testcase name="samsung" time="0.014" classname="execuationpack.TestSample2"/>
  <testcase name="vivo" time="0.008" classname="execuationpack.TestSample2"/>
  <testcase name="apple" time="0.014" classname="execuationpack.TestSample2"/>
</testsuite> <!-- execuationpack.TestSample2 -->
